<?xml version="1.0" encoding="UTF-8"?>
<persistence xmlns:xsi="http://www.w3.org/2001/XMLSchema-instance"
	xsi:schemaLocation="http://java.sun.com/xml/ns/persistence http://java.sun.com/xml/ns/persistence/persistence_2_0.xsd"
	version="2.0" xmlns="http://java.sun.com/xml/ns/persistence">

	<persistence-unit name="testPU">
		<jta-data-source>java:jboss/datasources/testDS</jta-data-source>
		<shared-cache-mode>DISABLE_SELECTIVE</shared-cache-mode>
		<properties>
			<property name="hibernate.hbm2ddl.auto" value="create-drop" />
			<property name="hibernate.show_sql" value="false" />
			<property name="hibernate.id.new_generator_mappings" value="true" />
			<property name="show_sql" value="true" />
		</properties>
	</persistence-unit>
</persistence>